d:\dev\ics4u\iguagea\genetic\x64\debug\genetic.pch
d:\dev\ics4u\iguagea\genetic\x64\debug\vc140.pdb
d:\dev\ics4u\iguagea\genetic\x64\debug\vc140.idb
d:\dev\ics4u\iguagea\genetic\x64\debug\stdafx.obj
d:\dev\ics4u\iguagea\genetic\x64\debug\game.obj
d:\dev\ics4u\iguagea\genetic\x64\debug\snake.obj
d:\dev\ics4u\iguagea\genetic\x64\debug\genome.obj
d:\dev\ics4u\iguagea\genetic\x64\debug\individual.obj
d:\dev\ics4u\iguagea\genetic\x64\debug\player.obj
d:\dev\ics4u\iguagea\genetic\x64\debug\simulation.obj
d:\dev\ics4u\iguagea\genetic\x64\debug\globals.obj
d:\dev\ics4u\iguagea\x64\debug\genetic.ilk
d:\dev\ics4u\iguagea\x64\debug\genetic.exe
d:\dev\ics4u\iguagea\x64\debug\genetic.pdb
d:\dev\ics4u\iguagea\genetic\x64\debug\genetic.tlog\cl.command.1.tlog
d:\dev\ics4u\iguagea\genetic\x64\debug\genetic.tlog\cl.read.1.tlog
d:\dev\ics4u\iguagea\genetic\x64\debug\genetic.tlog\cl.write.1.tlog
d:\dev\ics4u\iguagea\genetic\x64\debug\genetic.tlog\link.command.1.tlog
d:\dev\ics4u\iguagea\genetic\x64\debug\genetic.tlog\link.read.1.tlog
d:\dev\ics4u\iguagea\genetic\x64\debug\genetic.tlog\link.write.1.tlog
